$ /usr/local/bin/kubectl --kubeconfig= --cluster=docker-desktop --context= --user= apply -f -
podsecuritypolicy.policy/prometheus-kube-state-metrics configured
podsecuritypolicy.policy/prometheus-node-exporter configured
podsecuritypolicy.policy/prometheus-prometheus-oper-alertmanager configured
podsecuritypolicy.policy/prometheus-prometheus-oper-operator configured
podsecuritypolicy.policy/prometheus-prometheus-oper-prometheus configured
serviceaccount/prometheus-kube-state-metrics unchanged
serviceaccount/prometheus-node-exporter unchanged
serviceaccount/prometheus-prometheus-oper-alertmanager unchanged
serviceaccount/prometheus-prometheus-oper-operator unchanged
serviceaccount/prometheus-prometheus-oper-prometheus unchanged
secret/alertmanager-prometheus-prometheus-oper-alertmanager unchanged
clusterrole.rbac.authorization.k8s.io/prometheus-kube-state-metrics unchanged
clusterrole.rbac.authorization.k8s.io/prometheus-kube-state-metrics-psp unchanged
clusterrole.rbac.authorization.k8s.io/prometheus-node-exporter-psp unchanged
clusterrole.rbac.authorization.k8s.io/prometheus-prometheus-oper-alertmanager-psp unchanged
clusterrole.rbac.authorization.k8s.io/prometheus-prometheus-oper-operator unchanged
clusterrole.rbac.authorization.k8s.io/prometheus-prometheus-oper-operator-psp unchanged
clusterrole.rbac.authorization.k8s.io/prometheus-prometheus-oper-prometheus unchanged
clusterrole.rbac.authorization.k8s.io/prometheus-prometheus-oper-prometheus-psp unchanged
clusterrolebinding.rbac.authorization.k8s.io/prometheus-kube-state-metrics unchanged
clusterrolebinding.rbac.authorization.k8s.io/prometheus-kube-state-metrics-psp unchanged
clusterrolebinding.rbac.authorization.k8s.io/prometheus-node-exporter-psp unchanged
clusterrolebinding.rbac.authorization.k8s.io/prometheus-prometheus-oper-alertmanager-psp unchanged
clusterrolebinding.rbac.authorization.k8s.io/prometheus-prometheus-oper-operator unchanged
clusterrolebinding.rbac.authorization.k8s.io/prometheus-prometheus-oper-operator-psp unchanged
clusterrolebinding.rbac.authorization.k8s.io/prometheus-prometheus-oper-prometheus unchanged
clusterrolebinding.rbac.authorization.k8s.io/prometheus-prometheus-oper-prometheus-psp unchanged
service/prometheus-kube-state-metrics configured
service/prometheus-node-exporter configured
service/prometheus-prometheus-oper-alertmanager unchanged
service/prometheus-prometheus-oper-kube-proxy unchanged
service/prometheus-prometheus-oper-operator unchanged
service/prometheus-prometheus-oper-prometheus unchanged
daemonset.apps/prometheus-node-exporter configured
deployment.apps/prometheus-kube-state-metrics configured
deployment.apps/prometheus-prometheus-oper-operator configured
alertmanager.monitoring.coreos.com/prometheus-prometheus-oper-alertmanager unchanged
prometheus.monitoring.coreos.com/prometheus-prometheus-oper-prometheus unchanged
servicemonitor.monitoring.coreos.com/prometheus-kube-state-metrics unchanged
servicemonitor.monitoring.coreos.com/prometheus-node-exporter unchanged
servicemonitor.monitoring.coreos.com/prometheus-prometheus-oper-alertmanager unchanged
servicemonitor.monitoring.coreos.com/prometheus-prometheus-oper-apiserver unchanged
servicemonitor.monitoring.coreos.com/prometheus-prometheus-oper-kube-proxy unchanged
servicemonitor.monitoring.coreos.com/prometheus-prometheus-oper-kubelet unchanged
servicemonitor.monitoring.coreos.com/prometheus-prometheus-oper-operator unchanged
servicemonitor.monitoring.coreos.com/prometheus-prometheus-oper-prometheus unchanged
$ /usr/local/bin/kubectl --kubeconfig= --cluster=docker-desktop --context= --user= apply -f -
podsecuritypolicy.policy/loki configured
podsecuritypolicy.policy/loki-promtail configured
serviceaccount/loki unchanged
serviceaccount/loki-promtail unchanged
secret/loki unchanged
configmap/loki-promtail unchanged
configmap/loki-loki-stack-test unchanged
clusterrole.rbac.authorization.k8s.io/loki-promtail-clusterrole unchanged
clusterrolebinding.rbac.authorization.k8s.io/loki-promtail-clusterrolebinding unchanged
role.rbac.authorization.k8s.io/loki unchanged
role.rbac.authorization.k8s.io/loki-promtail unchanged
rolebinding.rbac.authorization.k8s.io/loki unchanged
rolebinding.rbac.authorization.k8s.io/loki-promtail unchanged
service/loki-headless unchanged
service/loki unchanged
daemonset.apps/loki-promtail configured
statefulset.apps/loki configured
pod/loki-loki-stack-test configured
$ /usr/local/bin/kubectl --kubeconfig= --cluster=docker-desktop --context= --user= apply -f -
configmap/elasticsearch-initcontainer unchanged
service/elasticsearch-elasticsearch-coordinating-only configured
service/elasticsearch-elasticsearch-data configured
service/elasticsearch-elasticsearch-master configured
deployment.apps/elasticsearch-elasticsearch-coordinating-only configured
statefulset.apps/elasticsearch-elasticsearch-data configured
statefulset.apps/elasticsearch-elasticsearch-master configured
$ /usr/local/bin/kubectl --kubeconfig= --cluster=docker-desktop --context= --user= apply -f -
serviceaccount/kafka unchanged
configmap/kafka-scripts unchanged
service/kafka-zookeeper-headless unchanged
service/kafka-zookeeper unchanged
service/kafka-headless unchanged
service/kafka configured
statefulset.apps/kafka-zookeeper configured
statefulset.apps/kafka configured
$ /usr/local/bin/kubectl --kubeconfig= --cluster=docker-desktop --context= --user= apply -f -
secret/postgres-postgresql unchanged
service/postgres-postgresql-headless unchanged
service/postgres-postgresql unchanged
statefulset.apps/postgres-postgresql configured
